  bin_add.c
  cr_test.c
c:\users\liyang\desktop\bishe\signifvs\unitencode\unitencode\cr_test.c(26): warning C4018: “<”: 有符号/无符号不匹配
c:\users\liyang\desktop\bishe\signifvs\unitencode\unitencode\cr_test.c(36): warning C4018: “<”: 有符号/无符号不匹配
c:\users\liyang\desktop\bishe\signifvs\unitencode\unitencode\cr_test.c(45): warning C4018: “<”: 有符号/无符号不匹配
c:\users\liyang\desktop\bishe\signifvs\unitencode\unitencode\cr_test.c(49): warning C4018: “<”: 有符号/无符号不匹配
c:\users\liyang\desktop\bishe\signifvs\unitencode\unitencode\cr_test.c(55): warning C4244: “=”: 从“int”转换到“float”，可能丢失数据
  decode_block3.c
c:\users\liyang\desktop\bishe\signifvs\unitencode\unitencode\decode_block3.c(16): warning C4101: “i”: 未引用的局部变量
  decode_block3_n0s.c
c:\users\liyang\desktop\bishe\signifvs\unitencode\unitencode\decode_block3_n0s.c(26): warning C4101: “nres”: 未引用的局部变量
  decode_block3_n1s.c
c:\users\liyang\desktop\bishe\signifvs\unitencode\unitencode\decode_block3_n1s.c(26): warning C4101: “nres”: 未引用的局部变量
  decode_block5.c
c:\users\liyang\desktop\bishe\signifvs\unitencode\unitencode\decode_block5.c(16): warning C4101: “i”: 未引用的局部变量
  decode_block5_n0s.c
c:\users\liyang\desktop\bishe\signifvs\unitencode\unitencode\decode_block5_n0s.c(27): warning C4101: “flg”: 未引用的局部变量
c:\users\liyang\desktop\bishe\signifvs\unitencode\unitencode\decode_block5_n0s.c(26): warning C4101: “nres”: 未引用的局部变量
  decode_block5_n1s.c
c:\users\liyang\desktop\bishe\signifvs\unitencode\unitencode\decode_block5_n1s.c(26): warning C4101: “nres”: 未引用的局部变量
  decode_stationary_source_leninvr.c
c:\users\liyang\desktop\bishe\signifvs\unitencode\unitencode\decode_stationary_source_leninvr.c(15): warning C4101: “i”: 未引用的局部变量
  decode_stationary_source_lenr.c
c:\users\liyang\desktop\bishe\signifvs\unitencode\unitencode\decode_stationary_source_lenr.c(17): warning C4101: “a”: 未引用的局部变量
c:\users\liyang\desktop\bishe\signifvs\unitencode\unitencode\decode_stationary_source_lenr.c(15): warning C4101: “i”: 未引用的局部变量
  decode_stationary_source_Nsym_lenr.c
c:\users\liyang\desktop\bishe\signifvs\unitencode\unitencode\decode_stationary_source_nsym_lenr.c(200): warning C4244: “=”: 从“double”转换到“int”，可能丢失数据
c:\users\liyang\desktop\bishe\signifvs\unitencode\unitencode\decode_stationary_source_nsym_lenr.c(256): warning C4244: “=”: 从“double”转换到“int”，可能丢失数据
c:\users\liyang\desktop\bishe\signifvs\unitencode\unitencode\decode_stationary_source_nsym_lenr.c(184): warning C4101: “a”: 未引用的局部变量
c:\users\liyang\desktop\bishe\signifvs\unitencode\unitencode\decode_stationary_source_nsym_lenr.c(182): warning C4101: “i”: 未引用的局部变量
  decode_stationary_source_r_invr.c
  decode_stationary_source_sumr.c
c:\users\liyang\desktop\bishe\signifvs\unitencode\unitencode\decode_stationary_source_sumr.c(17): warning C4101: “a”: 未引用的局部变量
c:\users\liyang\desktop\bishe\signifvs\unitencode\unitencode\decode_stationary_source_sumr.c(15): warning C4101: “i”: 未引用的局部变量
  deSFcode.c
  de_2n_code_new.c
c:\users\liyang\desktop\bishe\signifvs\unitencode\unitencode\de_2n_code_new.c(62): warning C4244: “函数”: 从“double”转换到“int”，可能丢失数据
c:\users\liyang\desktop\bishe\signifvs\unitencode\unitencode\de_2n_code_new.c(66): warning C4244: “函数”: 从“double”转换到“int”，可能丢失数据
c:\users\liyang\desktop\bishe\signifvs\unitencode\unitencode\de_2n_code_new.c(74): warning C4244: “函数”: 从“double”转换到“int”，可能丢失数据
c:\users\liyang\desktop\bishe\signifvs\unitencode\unitencode\de_2n_code_new.c(86): warning C4018: “<”: 有符号/无符号不匹配
c:\users\liyang\desktop\bishe\signifvs\unitencode\unitencode\de_2n_code_new.c(93): warning C4018: “<”: 有符号/无符号不匹配
c:\users\liyang\desktop\bishe\signifvs\unitencode\unitencode\de_2n_code_new.c(166): warning C4244: “函数”: 从“double”转换到“int”，可能丢失数据
c:\users\liyang\desktop\bishe\signifvs\unitencode\unitencode\de_2n_code_new.c(171): warning C4244: “函数”: 从“double”转换到“int”，可能丢失数据
c:\users\liyang\desktop\bishe\signifvs\unitencode\unitencode\de_2n_code_new.c(265): warning C4244: “函数”: 从“double”转换到“int”，可能丢失数据
c:\users\liyang\desktop\bishe\signifvs\unitencode\unitencode\de_2n_code_new.c(270): warning C4244: “函数”: 从“double”转换到“int”，可能丢失数据
c:\users\liyang\desktop\bishe\signifvs\unitencode\unitencode\de_2n_code_new.c(292): warning C4244: “函数”: 从“double”转换到“int”，可能丢失数据
  de_2n_code_sub.c
c:\users\liyang\desktop\bishe\signifvs\unitencode\unitencode\de_2n_code_sub.c(13): warning C4018: “<”: 有符号/无符号不匹配
  de_2n_code_sub1.c
  de_Kside.c
  de_KsideSub.c
  de_KsideSub_n1s.c
c:\users\liyang\desktop\bishe\signifvs\unitencode\unitencode\de_ksidesub_n1s.c(16): warning C4101: “lencbit”: 未引用的局部变量
c:\users\liyang\desktop\bishe\signifvs\unitencode\unitencode\de_ksidesub_n1s.c(15): warning C4101: “lenc”: 未引用的局部变量
  正在编译...
  de_Kside_new.c
  de_r0.c
c:\users\liyang\desktop\bishe\signifvs\unitencode\unitencode\de_r0.c(15): warning C4101: “i”: 未引用的局部变量
c:\users\liyang\desktop\bishe\signifvs\unitencode\unitencode\de_r0.c(19): warning C4101: “lenc”: 未引用的局部变量
  de_r1.c
c:\users\liyang\desktop\bishe\signifvs\unitencode\unitencode\de_r1.c(11): warning C4101: “i”: 未引用的局部变量
c:\users\liyang\desktop\bishe\signifvs\unitencode\unitencode\de_r1.c(17): warning C4101: “codebook”: 未引用的局部变量
  de_runs_0seps.c
  de_runs_1sep.c
  de_runs_2seps.c
c:\users\liyang\desktop\bishe\signifvs\unitencode\unitencode\de_runs_2seps.c(23): warning C4101: “des”: 未引用的局部变量
  de_runs_2sepsA.c
  de_runs_sep_sub.c
  de_r_cr.c
  de_sub3d_sub2.c
c:\users\liyang\desktop\bishe\signifvs\unitencode\unitencode\de_sub3d_sub2.c(67): warning C4018: “<”: 有符号/无符号不匹配
c:\users\liyang\desktop\bishe\signifvs\unitencode\unitencode\de_sub3d_sub2.c(72): warning C4018: “<”: 有符号/无符号不匹配
c:\users\liyang\desktop\bishe\signifvs\unitencode\unitencode\de_sub3d_sub2.c(97): warning C4018: “<”: 有符号/无符号不匹配
c:\users\liyang\desktop\bishe\signifvs\unitencode\unitencode\de_sub3d_sub2.c(132): warning C4018: “<”: 有符号/无符号不匹配
  de_sub3d_sub2_sub.c
c:\users\liyang\desktop\bishe\signifvs\unitencode\unitencode\de_sub3d_sub2_sub.c(81): warning C4018: “<”: 有符号/无符号不匹配
  de_z0.c
  de_z0_r0.c
  de_zone_new.c
c:\users\liyang\desktop\bishe\signifvs\unitencode\unitencode\de_zone_new.c(99): warning C4018: “<”: 有符号/无符号不匹配
c:\users\liyang\desktop\bishe\signifvs\unitencode\unitencode\de_zone_new.c(169): warning C4018: “<”: 有符号/无符号不匹配
c:\users\liyang\desktop\bishe\signifvs\unitencode\unitencode\de_zone_new.c(177): warning C4047: “=”:“unsigned int”与“unsigned char *”的间接级别不同
c:\users\liyang\desktop\bishe\signifvs\unitencode\unitencode\de_zone_new.c(210): warning C4018: “<”: 有符号/无符号不匹配
  de_zone_sub2.c
c:\users\liyang\desktop\bishe\signifvs\unitencode\unitencode\de_zone_sub2.c(37): warning C4133: “函数”: 从“GOLINV *”到“Uint8_Dat *”的类型不兼容
c:\users\liyang\desktop\bishe\signifvs\unitencode\unitencode\de_zone_sub2.c(63): warning C4047: “函数”:“size_t”与“unsigned int *”的间接级别不同
c:\users\liyang\desktop\bishe\signifvs\unitencode\unitencode\de_zone_sub2.c(63): warning C4024: “calloc”: 形参和实参 1 的类型不同
  de_zone_sub_new.c
c:\users\liyang\desktop\bishe\signifvs\unitencode\unitencode\de_zone_sub_new.c(179): warning C4018: “<”: 有符号/无符号不匹配
c:\users\liyang\desktop\bishe\signifvs\unitencode\unitencode\de_zone_sub_new.c(206): warning C4018: “<”: 有符号/无符号不匹配
c:\users\liyang\desktop\bishe\signifvs\unitencode\unitencode\de_zone_sub_new.c(268): warning C4018: “<”: 有符号/无符号不匹配
  encode_block3.c
  encode_block5.c
  encode_block_nrs.c
  encode_block_nrs_lenres.c
  正在编译...
  encode_stationary_source_bin.c
c:\users\liyang\desktop\bishe\signifvs\unitencode\unitencode\encode_stationary_source_bin.c(35): warning C4018: “>”: 有符号/无符号不匹配
c:\users\liyang\desktop\bishe\signifvs\unitencode\unitencode\encode_stationary_source_bin.c(52): warning C4018: “>”: 有符号/无符号不匹配
c:\users\liyang\desktop\bishe\signifvs\unitencode\unitencode\encode_stationary_source_bin.c(58): warning C4018: “<=”: 有符号/无符号不匹配
c:\users\liyang\desktop\bishe\signifvs\unitencode\unitencode\encode_stationary_source_bin.c(61): warning C4018: “<=”: 有符号/无符号不匹配
c:\users\liyang\desktop\bishe\signifvs\unitencode\unitencode\encode_stationary_source_bin.c(83): warning C4098: “encode_stationary_source_bin”:“void”函数返回值
c:\users\liyang\desktop\bishe\signifvs\unitencode\unitencode\encode_stationary_source_bin.c(15): warning C4101: “j”: 未引用的局部变量
c:\users\liyang\desktop\bishe\signifvs\unitencode\unitencode\encode_stationary_source_bin.c(15): warning C4101: “n”: 未引用的局部变量
  encode_stationary_source_cbook.c
  encode_stationary_source_Nsym.c
  encode_stationary_source_Nsym_sub.c
c:\users\liyang\desktop\bishe\signifvs\unitencode\unitencode\encode_stationary_source_nsym_sub.c(115): warning C4244: “=”: 从“double”转换到“int”，可能丢失数据
c:\users\liyang\desktop\bishe\signifvs\unitencode\unitencode\encode_stationary_source_nsym_sub.c(121): warning C4244: “=”: 从“double”转换到“int”，可能丢失数据
c:\users\liyang\desktop\bishe\signifvs\unitencode\unitencode\encode_stationary_source_nsym_sub.c(129): warning C4018: “>”: 有符号/无符号不匹配
c:\users\liyang\desktop\bishe\signifvs\unitencode\unitencode\encode_stationary_source_nsym_sub.c(248): warning C4244: “=”: 从“double”转换到“int”，可能丢失数据
c:\users\liyang\desktop\bishe\signifvs\unitencode\unitencode\encode_stationary_source_nsym_sub.c(257): warning C4244: “=”: 从“double”转换到“int”，可能丢失数据
c:\users\liyang\desktop\bishe\signifvs\unitencode\unitencode\encode_stationary_source_nsym_sub.c(263): warning C4018: “>”: 有符号/无符号不匹配
c:\users\liyang\desktop\bishe\signifvs\unitencode\unitencode\encode_stationary_source_nsym_sub.c(269): warning C4018: “<=”: 有符号/无符号不匹配
c:\users\liyang\desktop\bishe\signifvs\unitencode\unitencode\encode_stationary_source_nsym_sub.c(272): warning C4018: “<=”: 有符号/无符号不匹配
c:\users\liyang\desktop\bishe\signifvs\unitencode\unitencode\encode_stationary_source_nsym_sub.c(24): warning C4101: “t”: 未引用的局部变量
c:\users\liyang\desktop\bishe\signifvs\unitencode\unitencode\encode_stationary_source_nsym_sub.c(20): warning C4101: “n”: 未引用的局部变量
  encode_stationary_source_r_invr.c
  encoding.c
  en_2n_code_new.c
c:\users\liyang\desktop\bishe\signifvs\unitencode\unitencode\en_2n_code_new.c(57): warning C4244: “函数”: 从“double”转换到“int”，可能丢失数据
c:\users\liyang\desktop\bishe\signifvs\unitencode\unitencode\en_2n_code_new.c(62): warning C4244: “函数”: 从“double”转换到“int”，可能丢失数据
c:\users\liyang\desktop\bishe\signifvs\unitencode\unitencode\en_2n_code_new.c(71): warning C4244: “函数”: 从“double”转换到“int”，可能丢失数据
c:\users\liyang\desktop\bishe\signifvs\unitencode\unitencode\en_2n_code_new.c(142): warning C4244: “函数”: 从“double”转换到“int”，可能丢失数据
c:\users\liyang\desktop\bishe\signifvs\unitencode\unitencode\en_2n_code_new.c(151): warning C4244: “函数”: 从“double”转换到“int”，可能丢失数据
c:\users\liyang\desktop\bishe\signifvs\unitencode\unitencode\en_2n_code_new.c(228): warning C4133: “=”: 从“unsigned int *”到“unsigned char *”的类型不兼容
c:\users\liyang\desktop\bishe\signifvs\unitencode\unitencode\en_2n_code_new.c(232): warning C4133: “=”: 从“unsigned int *”到“unsigned char *”的类型不兼容
c:\users\liyang\desktop\bishe\signifvs\unitencode\unitencode\en_2n_code_new.c(234): warning C4133: “函数”: 从“Uint8_Dat *”到“Uint32_Dat *”的类型不兼容
c:\users\liyang\desktop\bishe\signifvs\unitencode\unitencode\en_2n_code_new.c(234): warning C4244: “函数”: 从“double”转换到“int”，可能丢失数据
c:\users\liyang\desktop\bishe\signifvs\unitencode\unitencode\en_2n_code_new.c(237): warning C4133: “=”: 从“unsigned int *”到“unsigned char *”的类型不兼容
c:\users\liyang\desktop\bishe\signifvs\unitencode\unitencode\en_2n_code_new.c(241): warning C4133: “=”: 从“unsigned int *”到“unsigned char *”的类型不兼容
c:\users\liyang\desktop\bishe\signifvs\unitencode\unitencode\en_2n_code_new.c(243): warning C4133: “函数”: 从“Uint8_Dat *”到“Uint32_Dat *”的类型不兼容
c:\users\liyang\desktop\bishe\signifvs\unitencode\unitencode\en_2n_code_new.c(243): warning C4244: “函数”: 从“double”转换到“int”，可能丢失数据
c:\users\liyang\desktop\bishe\signifvs\unitencode\unitencode\en_2n_code_new.c(272): warning C4018: “<”: 有符号/无符号不匹配
  en_2n_code_sub.c
c:\users\liyang\desktop\bishe\signifvs\unitencode\unitencode\en_2n_code_sub.c(21): warning C4018: “<”: 有符号/无符号不匹配
c:\users\liyang\desktop\bishe\signifvs\unitencode\unitencode\en_2n_code_sub.c(33): warning C4018: “<”: 有符号/无符号不匹配
  en_Kside.c
  en_KsideSub.c
c:\users\liyang\desktop\bishe\signifvs\unitencode\unitencode\en_ksidesub.c(11): warning C4305: “初始化”: 从“double”到“float”截断
c:\users\liyang\desktop\bishe\signifvs\unitencode\unitencode\en_ksidesub.c(15): warning C4101: “e_cbook”: 未引用的局部变量
  en_KsideSub_n1s.c
c:\users\liyang\desktop\bishe\signifvs\unitencode\unitencode\en_ksidesub_n1s.c(27): warning C4244: “=”: 从“int”转换到“float”，可能丢失数据
c:\users\liyang\desktop\bishe\signifvs\unitencode\unitencode\en_ksidesub_n1s.c(34): warning C4013: “bin_add”未定义；假设外部返回 int
c:\users\liyang\desktop\bishe\signifvs\unitencode\unitencode\en_ksidesub_n1s.c(88): warning C4305: “函数”: 从“double”到“float”截断
c:\users\liyang\desktop\bishe\signifvs\unitencode\unitencode\en_ksidesub_n1s.c(89): warning C4305: “函数”: 从“double”到“float”截断
c:\users\liyang\desktop\bishe\signifvs\unitencode\unitencode\en_ksidesub_n1s.c(16): warning C4101: “i”: 未引用的局部变量
  en_Kside_new.c
c:\users\liyang\desktop\bishe\signifvs\unitencode\unitencode\en_kside_new.c(230): warning C4013: “probility_estimation”未定义；假设外部返回 int
  en_r0.c
c:\users\liyang\desktop\bishe\signifvs\unitencode\unitencode\en_r0.c(61): warning C4013: “bin_add”未定义；假设外部返回 int
c:\users\liyang\desktop\bishe\signifvs\unitencode\unitencode\en_r0.c(23): warning C4305: “初始化”: 从“double”到“float”截断
c:\users\liyang\desktop\bishe\signifvs\unitencode\unitencode\en_r0.c(20): warning C4101: “x1”: 未引用的局部变量
c:\users\liyang\desktop\bishe\signifvs\unitencode\unitencode\en_r0.c(20): warning C4101: “i”: 未引用的局部变量
c:\users\liyang\desktop\bishe\signifvs\unitencode\unitencode\en_r0.c(29): warning C4101: “nrs”: 未引用的局部变量
  en_r1.c
  en_runs_0seps.c
c:\users\liyang\desktop\bishe\signifvs\unitencode\unitencode\en_runs_0seps.c(62): warning C4244: “函数”: 从“int”转换到“float”，可能丢失数据
c:\users\liyang\desktop\bishe\signifvs\unitencode\unitencode\en_runs_0seps.c(74): warning C4244: “函数”: 从“int”转换到“float”，可能丢失数据
  en_runs_1sep.c
c:\users\liyang\desktop\bishe\signifvs\unitencode\unitencode\en_runs_1sep.c(89): warning C4244: “函数”: 从“int”转换到“float”，可能丢失数据
c:\users\liyang\desktop\bishe\signifvs\unitencode\unitencode\en_runs_1sep.c(152): warning C4018: “<”: 有符号/无符号不匹配
c:\users\liyang\desktop\bishe\signifvs\unitencode\unitencode\en_runs_1sep.c(189): warning C4244: “函数”: 从“int”转换到“float”，可能丢失数据
  en_runs_2seps.c
c:\users\liyang\desktop\bishe\signifvs\unitencode\unitencode\en_runs_2seps.c(23): warning C4101: “rem”: 未引用的局部变量
  en_runs_2sepsA.c
c:\users\liyang\desktop\bishe\signifvs\unitencode\unitencode\en_runs_2sepsa.c(43): warning C4018: “<=”: 有符号/无符号不匹配
c:\users\liyang\desktop\bishe\signifvs\unitencode\unitencode\en_runs_2sepsa.c(58): warning C4018: “<=”: 有符号/无符号不匹配
c:\users\liyang\desktop\bishe\signifvs\unitencode\unitencode\en_runs_2sepsa.c(22): warning C4101: “rem”: 未引用的局部变量
  en_runs_sep_sub.c
c:\users\liyang\desktop\bishe\signifvs\unitencode\unitencode\en_runs_sep_sub.c(25): warning C4554: “&”: 检查运算符优先级是否存在的可能的错误；使用括号阐明优先级
c:\users\liyang\desktop\bishe\signifvs\unitencode\unitencode\en_runs_sep_sub.c(12): warning C4101: “rem”: 未引用的局部变量
c:\users\liyang\desktop\bishe\signifvs\unitencode\unitencode\en_runs_sep_sub.c(18): warning C4101: “sfc1”: 未引用的局部变量
  en_r_cr.c
c:\users\liyang\desktop\bishe\signifvs\unitencode\unitencode\en_r_cr.c(66): warning C4554: “|”: 检查运算符优先级是否存在的可能的错误；使用括号阐明优先级
  正在编译...
  en_sub3d_sub2.c
c:\users\liyang\desktop\bishe\signifvs\unitencode\unitencode\en_sub3d_sub2.c(66): warning C4018: “<”: 有符号/无符号不匹配
c:\users\liyang\desktop\bishe\signifvs\unitencode\unitencode\en_sub3d_sub2.c(78): warning C4305: “=”: 从“double”到“float”截断
c:\users\liyang\desktop\bishe\signifvs\unitencode\unitencode\en_sub3d_sub2.c(117): warning C4013: “find_thd4subs”未定义；假设外部返回 int
c:\users\liyang\desktop\bishe\signifvs\unitencode\unitencode\en_sub3d_sub2.c(162): warning C4018: “<”: 有符号/无符号不匹配
c:\users\liyang\desktop\bishe\signifvs\unitencode\unitencode\en_sub3d_sub2.c(39): warning C4305: “初始化”: 从“double”到“float”截断
  en_sub3d_sub2_sub.c
c:\users\liyang\desktop\bishe\signifvs\unitencode\unitencode\en_sub3d_sub2_sub.c(43): warning C4133: “=”: 从“unsigned char *”到“unsigned int *”的类型不兼容
c:\users\liyang\desktop\bishe\signifvs\unitencode\unitencode\en_sub3d_sub2_sub.c(47): warning C4018: “<”: 有符号/无符号不匹配
c:\users\liyang\desktop\bishe\signifvs\unitencode\unitencode\en_sub3d_sub2_sub.c(92): warning C4018: “<”: 有符号/无符号不匹配
c:\users\liyang\desktop\bishe\signifvs\unitencode\unitencode\en_sub3d_sub2_sub.c(104): warning C4133: “=”: 从“unsigned char *”到“unsigned int *”的类型不兼容
c:\users\liyang\desktop\bishe\signifvs\unitencode\unitencode\en_sub3d_sub2_sub.c(108): warning C4018: “<”: 有符号/无符号不匹配
c:\users\liyang\desktop\bishe\signifvs\unitencode\unitencode\en_sub3d_sub2_sub.c(139): warning C4018: “<”: 有符号/无符号不匹配
c:\users\liyang\desktop\bishe\signifvs\unitencode\unitencode\en_sub3d_sub2_sub.c(196): warning C4018: “<”: 有符号/无符号不匹配
c:\users\liyang\desktop\bishe\signifvs\unitencode\unitencode\en_sub3d_sub2_sub.c(204): warning C4018: “<”: 有符号/无符号不匹配
c:\users\liyang\desktop\bishe\signifvs\unitencode\unitencode\en_sub3d_sub2_sub.c(212): warning C4018: “<”: 有符号/无符号不匹配
c:\users\liyang\desktop\bishe\signifvs\unitencode\unitencode\en_sub3d_sub2_sub.c(225): warning C4133: “=”: 从“unsigned char *”到“unsigned int *”的类型不兼容
c:\users\liyang\desktop\bishe\signifvs\unitencode\unitencode\en_sub3d_sub2_sub.c(229): warning C4018: “<”: 有符号/无符号不匹配
c:\users\liyang\desktop\bishe\signifvs\unitencode\unitencode\en_sub3d_sub2_sub.c(260): warning C4018: “<”: 有符号/无符号不匹配
c:\users\liyang\desktop\bishe\signifvs\unitencode\unitencode\en_sub3d_sub2_sub.c(345): warning C4018: “<”: 有符号/无符号不匹配
c:\users\liyang\desktop\bishe\signifvs\unitencode\unitencode\en_sub3d_sub2_sub.c(353): warning C4018: “<”: 有符号/无符号不匹配
c:\users\liyang\desktop\bishe\signifvs\unitencode\unitencode\en_sub3d_sub2_sub.c(361): warning C4018: “<”: 有符号/无符号不匹配
c:\users\liyang\desktop\bishe\signifvs\unitencode\unitencode\en_sub3d_sub2_sub.c(374): warning C4133: “=”: 从“unsigned char *”到“unsigned int *”的类型不兼容
c:\users\liyang\desktop\bishe\signifvs\unitencode\unitencode\en_sub3d_sub2_sub.c(378): warning C4018: “<”: 有符号/无符号不匹配
c:\users\liyang\desktop\bishe\signifvs\unitencode\unitencode\en_sub3d_sub2_sub.c(409): warning C4018: “<”: 有符号/无符号不匹配
c:\users\liyang\desktop\bishe\signifvs\unitencode\unitencode\en_sub3d_sub2_sub.c(423): warning C4018: “<”: 有符号/无符号不匹配
c:\users\liyang\desktop\bishe\signifvs\unitencode\unitencode\en_sub3d_sub2_sub.c(443): warning C4018: “<”: 有符号/无符号不匹配
c:\users\liyang\desktop\bishe\signifvs\unitencode\unitencode\en_sub3d_sub2_sub.c(622): warning C4018: “<”: 有符号/无符号不匹配
c:\users\liyang\desktop\bishe\signifvs\unitencode\unitencode\en_sub3d_sub2_sub.c(630): warning C4018: “<”: 有符号/无符号不匹配
c:\users\liyang\desktop\bishe\signifvs\unitencode\unitencode\en_sub3d_sub2_sub.c(638): warning C4018: “<”: 有符号/无符号不匹配
c:\users\liyang\desktop\bishe\signifvs\unitencode\unitencode\en_sub3d_sub2_sub.c(651): warning C4133: “=”: 从“unsigned char *”到“unsigned int *”的类型不兼容
c:\users\liyang\desktop\bishe\signifvs\unitencode\unitencode\en_sub3d_sub2_sub.c(655): warning C4018: “<”: 有符号/无符号不匹配
c:\users\liyang\desktop\bishe\signifvs\unitencode\unitencode\en_sub3d_sub2_sub.c(686): warning C4018: “<”: 有符号/无符号不匹配
c:\users\liyang\desktop\bishe\signifvs\unitencode\unitencode\en_sub3d_sub2_sub.c(703): warning C4018: “<”: 有符号/无符号不匹配
c:\users\liyang\desktop\bishe\signifvs\unitencode\unitencode\en_sub3d_sub2_sub.c(713): warning C4018: “<”: 有符号/无符号不匹配
c:\users\liyang\desktop\bishe\signifvs\unitencode\unitencode\en_sub3d_sub2_sub.c(725): warning C4018: “<”: 有符号/无符号不匹配
c:\users\liyang\desktop\bishe\signifvs\unitencode\unitencode\en_sub3d_sub2_sub.c(735): warning C4018: “<”: 有符号/无符号不匹配
c:\users\liyang\desktop\bishe\signifvs\unitencode\unitencode\en_sub3d_sub2_sub.c(925): warning C4018: “<”: 有符号/无符号不匹配
c:\users\liyang\desktop\bishe\signifvs\unitencode\unitencode\en_sub3d_sub2_sub.c(933): warning C4018: “<”: 有符号/无符号不匹配
c:\users\liyang\desktop\bishe\signifvs\unitencode\unitencode\en_sub3d_sub2_sub.c(941): warning C4018: “<”: 有符号/无符号不匹配
c:\users\liyang\desktop\bishe\signifvs\unitencode\unitencode\en_sub3d_sub2_sub.c(954): warning C4133: “=”: 从“unsigned char *”到“unsigned int *”的类型不兼容
c:\users\liyang\desktop\bishe\signifvs\unitencode\unitencode\en_sub3d_sub2_sub.c(958): warning C4018: “<”: 有符号/无符号不匹配
c:\users\liyang\desktop\bishe\signifvs\unitencode\unitencode\en_sub3d_sub2_sub.c(989): warning C4018: “<”: 有符号/无符号不匹配
c:\users\liyang\desktop\bishe\signifvs\unitencode\unitencode\en_sub3d_sub2_sub.c(1000): warning C4018: “<”: 有符号/无符号不匹配
c:\users\liyang\desktop\bishe\signifvs\unitencode\unitencode\en_sub3d_sub2_sub.c(1010): warning C4018: “<”: 有符号/无符号不匹配
c:\users\liyang\desktop\bishe\signifvs\unitencode\unitencode\en_sub3d_sub2_sub.c(1022): warning C4018: “<”: 有符号/无符号不匹配
c:\users\liyang\desktop\bishe\signifvs\unitencode\unitencode\en_sub3d_sub2_sub.c(1032): warning C4018: “<”: 有符号/无符号不匹配
c:\users\liyang\desktop\bishe\signifvs\unitencode\unitencode\en_sub3d_sub2_sub.c(1228): warning C4018: “<”: 有符号/无符号不匹配
c:\users\liyang\desktop\bishe\signifvs\unitencode\unitencode\en_sub3d_sub2_sub.c(1236): warning C4018: “<”: 有符号/无符号不匹配
c:\users\liyang\desktop\bishe\signifvs\unitencode\unitencode\en_sub3d_sub2_sub.c(1244): warning C4018: “<”: 有符号/无符号不匹配
c:\users\liyang\desktop\bishe\signifvs\unitencode\unitencode\en_sub3d_sub2_sub.c(1257): warning C4133: “=”: 从“unsigned char *”到“unsigned int *”的类型不兼容
c:\users\liyang\desktop\bishe\signifvs\unitencode\unitencode\en_sub3d_sub2_sub.c(1261): warning C4018: “<”: 有符号/无符号不匹配
c:\users\liyang\desktop\bishe\signifvs\unitencode\unitencode\en_sub3d_sub2_sub.c(1292): warning C4018: “<”: 有符号/无符号不匹配
c:\users\liyang\desktop\bishe\signifvs\unitencode\unitencode\en_sub3d_sub2_sub.c(1309): warning C4018: “<”: 有符号/无符号不匹配
c:\users\liyang\desktop\bishe\signifvs\unitencode\unitencode\en_sub3d_sub2_sub.c(1319): warning C4018: “<”: 有符号/无符号不匹配
c:\users\liyang\desktop\bishe\signifvs\unitencode\unitencode\en_sub3d_sub2_sub.c(1331): warning C4018: “<”: 有符号/无符号不匹配
c:\users\liyang\desktop\bishe\signifvs\unitencode\unitencode\en_sub3d_sub2_sub.c(1341): warning C4018: “<”: 有符号/无符号不匹配
  en_z0.c
c:\users\liyang\desktop\bishe\signifvs\unitencode\unitencode\en_z0.c(20): warning C4018: “>”: 有符号/无符号不匹配
c:\users\liyang\desktop\bishe\signifvs\unitencode\unitencode\en_z0.c(22): warning C4018: “<”: 有符号/无符号不匹配
c:\users\liyang\desktop\bishe\signifvs\unitencode\unitencode\en_z0.c(44): warning C4018: “<”: 有符号/无符号不匹配
  en_z0_r0.c
c:\users\liyang\desktop\bishe\signifvs\unitencode\unitencode\en_z0_r0.c(28): warning C4018: “<”: 有符号/无符号不匹配
c:\users\liyang\desktop\bishe\signifvs\unitencode\unitencode\en_z0_r0.c(76): warning C4244: “函数”: 从“int”转换到“float”，可能丢失数据
  en_zone_new.c
c:\users\liyang\desktop\bishe\signifvs\unitencode\unitencode\en_zone_new.c(128): warning C4133: “函数”: 从“Int32_Dat *”到“Uint32_Dat *”的类型不兼容
c:\users\liyang\desktop\bishe\signifvs\unitencode\unitencode\en_zone_new.c(158): warning C4018: “<”: 有符号/无符号不匹配
c:\users\liyang\desktop\bishe\signifvs\unitencode\unitencode\en_zone_new.c(20): warning C4305: “初始化”: 从“double”到“float”截断
  en_zone_sub2.c
c:\users\liyang\desktop\bishe\signifvs\unitencode\unitencode\en_zone_sub2.c(20): warning C4018: “<”: 有符号/无符号不匹配
c:\users\liyang\desktop\bishe\signifvs\unitencode\unitencode\en_zone_sub2.c(22): warning C4018: “<”: 有符号/无符号不匹配
c:\users\liyang\desktop\bishe\signifvs\unitencode\unitencode\en_zone_sub2.c(33): warning C4305: “函数”: 从“double”到“float”截断
c:\users\liyang\desktop\bishe\signifvs\unitencode\unitencode\en_zone_sub2.c(53): warning C4018: “<”: 有符号/无符号不匹配
c:\users\liyang\desktop\bishe\signifvs\unitencode\unitencode\en_zone_sub2.c(62): warning C4018: “<”: 有符号/无符号不匹配
c:\users\liyang\desktop\bishe\signifvs\unitencode\unitencode\en_zone_sub2.c(70): warning C4018: “<”: 有符号/无符号不匹配
c:\users\liyang\desktop\bishe\signifvs\unitencode\unitencode\en_zone_sub2.c(75): warning C4244: “=”: 从“double”转换到“int”，可能丢失数据
c:\users\liyang\desktop\bishe\signifvs\unitencode\unitencode\en_zone_sub2.c(87): warning C4018: “<”: 有符号/无符号不匹配
c:\users\liyang\desktop\bishe\signifvs\unitencode\unitencode\en_zone_sub2.c(119): warning C4133: “函数”: 从“Int32_Dat *”到“Uint32_Dat *”的类型不兼容
c:\users\liyang\desktop\bishe\signifvs\unitencode\unitencode\en_zone_sub2.c(124): warning C4018: “<”: 有符号/无符号不匹配
c:\users\liyang\desktop\bishe\signifvs\unitencode\unitencode\en_zone_sub2.c(136): warning C4244: “=”: 从“double”转换到“float”，可能丢失数据
c:\users\liyang\desktop\bishe\signifvs\unitencode\unitencode\en_zone_sub2.c(128): warning C4244: “初始化”: 从“double”转换到“float”，可能丢失数据
  en_zone_sub_new.c
c:\users\liyang\desktop\bishe\signifvs\unitencode\unitencode\en_zone_sub_new.c(50): warning C4305: “=”: 从“double”到“float”截断
c:\users\liyang\desktop\bishe\signifvs\unitencode\unitencode\en_zone_sub_new.c(155): warning C4018: “<”: 有符号/无符号不匹配
c:\users\liyang\desktop\bishe\signifvs\unitencode\unitencode\en_zone_sub_new.c(157): warning C4018: “<”: 有符号/无符号不匹配
  find_thd.c
  find_thd4subs.c
c:\users\liyang\desktop\bishe\signifvs\unitencode\unitencode\find_thd4subs.c(57): warning C4018: “<”: 有符号/无符号不匹配
c:\users\liyang\desktop\bishe\signifvs\unitencode\unitencode\find_thd4subs.c(127): warning C4018: “<”: 有符号/无符号不匹配
c:\users\liyang\desktop\bishe\signifvs\unitencode\unitencode\find_thd4subs.c(158): warning C4244: “=”: 从“int”转换到“float”，可能丢失数据
c:\users\liyang\desktop\bishe\signifvs\unitencode\unitencode\find_thd4subs.c(166): warning C4018: “<”: 有符号/无符号不匹配
c:\users\liyang\desktop\bishe\signifvs\unitencode\unitencode\find_thd4subs.c(170): warning C4018: “<”: 有符号/无符号不匹配
c:\users\liyang\desktop\bishe\signifvs\unitencode\unitencode\find_thd4subs.c(172): warning C4018: “<”: 有符号/无符号不匹配
c:\users\liyang\desktop\bishe\signifvs\unitencode\unitencode\find_thd4subs.c(234): warning C4018: “<”: 有符号/无符号不匹配
c:\users\liyang\desktop\bishe\signifvs\unitencode\unitencode\find_thd4subs.c(264): warning C4244: “=”: 从“int”转换到“float”，可能丢失数据
c:\users\liyang\desktop\bishe\signifvs\unitencode\unitencode\find_thd4subs.c(324): warning C4018: “<”: 有符号/无符号不匹配
c:\users\liyang\desktop\bishe\signifvs\unitencode\unitencode\find_thd4subs.c(333): warning C4244: “=”: 从“int”转换到“float”，可能丢失数据
c:\users\liyang\desktop\bishe\signifvs\unitencode\unitencode\find_thd4subs.c(357): warning C4018: “<”: 有符号/无符号不匹配
  find_thd_idx.c
c:\users\liyang\desktop\bishe\signifvs\unitencode\unitencode\find_thd_idx.c(10): warning C4018: “<”: 有符号/无符号不匹配
  find_the_idx_round.c
c:\users\liyang\desktop\bishe\signifvs\unitencode\unitencode\find_the_idx_round.c(27): warning C4018: “<”: 有符号/无符号不匹配
  Golomb0.c
  GolombInv.c
  hist.c
c:\users\liyang\desktop\bishe\signifvs\unitencode\unitencode\hist.c(12): warning C4018: “<”: 有符号/无符号不匹配
  KW_inversion_runs.c
  k_criterion.c
c:\users\liyang\desktop\bishe\signifvs\unitencode\unitencode\k_criterion.c(247): warning C4018: “<”: 有符号/无符号不匹配
c:\users\liyang\desktop\bishe\signifvs\unitencode\unitencode\k_criterion.c(261): warning C4018: “<”: 有符号/无符号不匹配
c:\users\liyang\desktop\bishe\signifvs\unitencode\unitencode\k_criterion.c(262): warning C4018: “<”: 有符号/无符号不匹配
c:\users\liyang\desktop\bishe\signifvs\unitencode\unitencode\k_criterion.c(269): warning C4018: “<”: 有符号/无符号不匹配
c:\users\liyang\desktop\bishe\signifvs\unitencode\unitencode\k_criterion.c(286): warning C4244: “=”: 从“double”转换到“int”，可能丢失数据
c:\users\liyang\desktop\bishe\signifvs\unitencode\unitencode\k_criterion.c(290): warning C4018: “<=”: 有符号/无符号不匹配
c:\users\liyang\desktop\bishe\signifvs\unitencode\unitencode\k_criterion.c(295): warning C4018: “<=”: 有符号/无符号不匹配
c:\users\liyang\desktop\bishe\signifvs\unitencode\unitencode\k_criterion.c(303): warning C4244: “+=”: 从“double”转换到“float”，可能丢失数据
c:\users\liyang\desktop\bishe\signifvs\unitencode\unitencode\k_criterion.c(310): warning C4244: “+=”: 从“double”转换到“float”，可能丢失数据
c:\users\liyang\desktop\bishe\signifvs\unitencode\unitencode\k_criterion.c(257): warning C4244: “初始化”: 从“double”转换到“float”，可能丢失数据
  len_bit_to_byte.c
  main.c
  probility_estimation.c
c:\users\liyang\desktop\bishe\signifvs\unitencode\unitencode\probility_estimation.c(50): warning C4018: “<”: 有符号/无符号不匹配
c:\users\liyang\desktop\bishe\signifvs\unitencode\unitencode\probility_estimation.c(51): warning C4018: “<”: 有符号/无符号不匹配
  prob_est.c
  正在编译...
  separate0.c
  separate_Bversion.c
  separate_inv.c
c:\users\liyang\desktop\bishe\signifvs\unitencode\unitencode\separate_inv.c(12): warning C4101: “m”: 未引用的局部变量
c:\users\liyang\desktop\bishe\signifvs\unitencode\unitencode\separate_inv.c(12): warning C4101: “n”: 未引用的局部变量
  Separate.c
  SFcode.c
c:\users\liyang\desktop\bishe\signifvs\unitencode\unitencode\sfcode.c(87): warning C4018: “<”: 有符号/无符号不匹配
  sum.c
  sumBin.c
c:\users\liyang\desktop\bishe\signifvs\unitencode\unitencode\sumbin.c(11): warning C4018: “<”: 有符号/无符号不匹配
  test_de_2n_code_new.c
c:\users\liyang\desktop\bishe\signifvs\unitencode\unitencode\test_de_2n_code_new.c(64): warning C4018: “<”: 有符号/无符号不匹配
  test_de_r_cr.c
c:\users\liyang\desktop\bishe\signifvs\unitencode\unitencode\test_de_r_cr.c(49): warning C4101: “dec”: 未引用的局部变量
  test_de_sub3d_sub2.c
c:\users\liyang\desktop\bishe\signifvs\unitencode\unitencode\test_de_sub3d_sub2.c(54): warning C4101: “sub”: 未引用的局部变量
  test_de_sub3d_sub2_sub.c
  test_de_z0.c
  test_en_2n_code_new.c
c:\users\liyang\desktop\bishe\signifvs\unitencode\unitencode\test_en_2n_code_new.c(22): warning C4018: “<”: 有符号/无符号不匹配
c:\users\liyang\desktop\bishe\signifvs\unitencode\unitencode\test_en_2n_code_new.c(37): warning C4018: “<”: 有符号/无符号不匹配
  test_en_2n_code_sub.c
c:\users\liyang\desktop\bishe\signifvs\unitencode\unitencode\test_en_2n_code_sub.c(24): warning C4018: “<”: 有符号/无符号不匹配
  test_en_and_de_2n_code_new.c
c:\users\liyang\desktop\bishe\signifvs\unitencode\unitencode\test_en_and_de_2n_code_new.c(22): warning C4018: “<”: 有符号/无符号不匹配
c:\users\liyang\desktop\bishe\signifvs\unitencode\unitencode\test_en_and_de_2n_code_new.c(37): warning C4018: “<”: 有符号/无符号不匹配
c:\users\liyang\desktop\bishe\signifvs\unitencode\unitencode\test_en_and_de_2n_code_new.c(80): warning C4018: “<”: 有符号/无符号不匹配
  test_en_de_sub3d_sub2.c
c:\users\liyang\desktop\bishe\signifvs\unitencode\unitencode\test_en_de_sub3d_sub2.c(73): warning C4018: “<”: 有符号/无符号不匹配
  test_en_r_cr.c
c:\users\liyang\desktop\bishe\signifvs\unitencode\unitencode\test_en_r_cr.c(28): warning C4018: “<”: 有符号/无符号不匹配
c:\users\liyang\desktop\bishe\signifvs\unitencode\unitencode\test_en_r_cr.c(19): warning C4101: “rem”: 未引用的局部变量
  test_en_sub3d_sub2.c
  test_en_sub3d_sub2_sub.c
c:\users\liyang\desktop\bishe\signifvs\unitencode\unitencode\test_en_sub3d_sub2_sub.c(90): warning C4305: “初始化”: 从“double”到“float”截断
c:\users\liyang\desktop\bishe\signifvs\unitencode\unitencode\test_en_sub3d_sub2_sub.c(95): warning C4305: “初始化”: 从“double”到“float”截断
  test_en_z0.c
  正在编译...
  test_en_z0_r0.c
c:\users\liyang\desktop\bishe\signifvs\unitencode\unitencode\test_en_z0_r0.c(54): warning C4018: “<”: 有符号/无符号不匹配
c:\users\liyang\desktop\bishe\signifvs\unitencode\unitencode\test_en_z0_r0.c(61): warning C4305: “函数”: 从“double”到“float”截断
  test_en_zone_sub2.c
c:\users\liyang\desktop\bishe\signifvs\unitencode\unitencode\test_en_zone_sub2.c(28): warning C4018: “<”: 有符号/无符号不匹配
c:\users\liyang\desktop\bishe\signifvs\unitencode\unitencode\test_en_zone_sub2.c(43): warning C4305: “函数”: 从“double”到“float”截断
  test_en_zone_sub_new.c
c:\users\liyang\desktop\bishe\signifvs\unitencode\unitencode\test_en_zone_sub_new.c(22): warning C4305: “初始化”: 从“double”到“float”截断
  thd_index_inv.c
  the_index.c
  writeBin.c
  正在生成代码
  45 of 46 functions (97.8%) were compiled, the rest were copied from previous compilation.
    8 functions were new in current compilation
    0 functions had inline decision re-evaluated but remain unchanged
  已完成代码的生成
  unitEncode.vcxproj -> C:\Users\liyang\Desktop\BISHE\signifVS\unitEncode\Release\unitEncode.exe
