c:\users\liyang\desktop\bishe\vv\unitencode\unitencode\debug\vc141.pdb
c:\users\liyang\desktop\bishe\vv\unitencode\unitencode\debug\vc141.idb
c:\users\liyang\desktop\bishe\vv\unitencode\unitencode\debug\de_ksidesub_n1s.obj
c:\users\liyang\desktop\bishe\vv\unitencode\unitencode\debug\de_ksidesub.obj
c:\users\liyang\desktop\bishe\vv\unitencode\unitencode\debug\de_kside.obj
c:\users\liyang\desktop\bishe\vv\unitencode\unitencode\debug\de_2n_code_sub1.obj
c:\users\liyang\desktop\bishe\vv\unitencode\unitencode\debug\de_2n_code_sub.obj
c:\users\liyang\desktop\bishe\vv\unitencode\unitencode\debug\de_2n_code_new.obj
c:\users\liyang\desktop\bishe\vv\unitencode\unitencode\debug\desfcode.obj
c:\users\liyang\desktop\bishe\vv\unitencode\unitencode\debug\decode_stationary_source_sumr.obj
c:\users\liyang\desktop\bishe\vv\unitencode\unitencode\debug\decode_stationary_source_r_invr.obj
c:\users\liyang\desktop\bishe\vv\unitencode\unitencode\debug\decode_stationary_source_nsym_lenr.obj
c:\users\liyang\desktop\bishe\vv\unitencode\unitencode\debug\decode_stationary_source_lenr.obj
c:\users\liyang\desktop\bishe\vv\unitencode\unitencode\debug\decode_stationary_source_leninvr.obj
c:\users\liyang\desktop\bishe\vv\unitencode\unitencode\debug\decode_block5_n1s.obj
c:\users\liyang\desktop\bishe\vv\unitencode\unitencode\debug\decode_block5_n0s.obj
c:\users\liyang\desktop\bishe\vv\unitencode\unitencode\debug\decode_block5.obj
c:\users\liyang\desktop\bishe\vv\unitencode\unitencode\debug\decode_block3_n1s.obj
c:\users\liyang\desktop\bishe\vv\unitencode\unitencode\debug\decode_block3_n0s.obj
c:\users\liyang\desktop\bishe\vv\unitencode\unitencode\debug\decode_block3.obj
c:\users\liyang\desktop\bishe\vv\unitencode\unitencode\debug\cr_test.obj
c:\users\liyang\desktop\bishe\vv\unitencode\unitencode\debug\bin_add.obj
c:\users\liyang\desktop\bishe\vv\unitencode\unitencode\debug\encode_stationary_source_bin.obj
c:\users\liyang\desktop\bishe\vv\unitencode\unitencode\debug\encode_block_nrs_lenres.obj
c:\users\liyang\desktop\bishe\vv\unitencode\unitencode\debug\encode_block_nrs.obj
c:\users\liyang\desktop\bishe\vv\unitencode\unitencode\debug\encode_block5.obj
c:\users\liyang\desktop\bishe\vv\unitencode\unitencode\debug\encode_block3.obj
c:\users\liyang\desktop\bishe\vv\unitencode\unitencode\debug\de_zone_sub_new.obj
c:\users\liyang\desktop\bishe\vv\unitencode\unitencode\debug\de_zone_sub2.obj
c:\users\liyang\desktop\bishe\vv\unitencode\unitencode\debug\de_zone_new.obj
c:\users\liyang\desktop\bishe\vv\unitencode\unitencode\debug\de_z0_r0.obj
c:\users\liyang\desktop\bishe\vv\unitencode\unitencode\debug\de_z0.obj
c:\users\liyang\desktop\bishe\vv\unitencode\unitencode\debug\de_sub3d_sub2_sub.obj
c:\users\liyang\desktop\bishe\vv\unitencode\unitencode\debug\de_r_cr.obj
c:\users\liyang\desktop\bishe\vv\unitencode\unitencode\debug\de_runs_sep_sub.obj
c:\users\liyang\desktop\bishe\vv\unitencode\unitencode\debug\de_runs_2sepsa.obj
c:\users\liyang\desktop\bishe\vv\unitencode\unitencode\debug\de_runs_2seps.obj
c:\users\liyang\desktop\bishe\vv\unitencode\unitencode\debug\de_runs_1sep.obj
c:\users\liyang\desktop\bishe\vv\unitencode\unitencode\debug\de_runs_0seps.obj
c:\users\liyang\desktop\bishe\vv\unitencode\unitencode\debug\de_r1.obj
c:\users\liyang\desktop\bishe\vv\unitencode\unitencode\debug\de_r0.obj
c:\users\liyang\desktop\bishe\vv\unitencode\unitencode\debug\de_kside_new.obj
c:\users\liyang\desktop\bishe\vv\unitencode\unitencode\debug\en_sub3d_sub2.obj
c:\users\liyang\desktop\bishe\vv\unitencode\unitencode\debug\en_r_cr.obj
c:\users\liyang\desktop\bishe\vv\unitencode\unitencode\debug\en_runs_sep_sub.obj
c:\users\liyang\desktop\bishe\vv\unitencode\unitencode\debug\en_runs_2sepsa.obj
c:\users\liyang\desktop\bishe\vv\unitencode\unitencode\debug\en_runs_2seps.obj
c:\users\liyang\desktop\bishe\vv\unitencode\unitencode\debug\en_runs_1sep.obj
c:\users\liyang\desktop\bishe\vv\unitencode\unitencode\debug\en_runs_0seps.obj
c:\users\liyang\desktop\bishe\vv\unitencode\unitencode\debug\en_r1.obj
c:\users\liyang\desktop\bishe\vv\unitencode\unitencode\debug\en_r0.obj
c:\users\liyang\desktop\bishe\vv\unitencode\unitencode\debug\en_kside_new.obj
c:\users\liyang\desktop\bishe\vv\unitencode\unitencode\debug\en_ksidesub_n1s.obj
c:\users\liyang\desktop\bishe\vv\unitencode\unitencode\debug\en_ksidesub.obj
c:\users\liyang\desktop\bishe\vv\unitencode\unitencode\debug\en_kside.obj
c:\users\liyang\desktop\bishe\vv\unitencode\unitencode\debug\en_2n_code_sub.obj
c:\users\liyang\desktop\bishe\vv\unitencode\unitencode\debug\en_2n_code_new.obj
c:\users\liyang\desktop\bishe\vv\unitencode\unitencode\debug\encoding.obj
c:\users\liyang\desktop\bishe\vv\unitencode\unitencode\debug\encode_stationary_source_r_invr.obj
c:\users\liyang\desktop\bishe\vv\unitencode\unitencode\debug\encode_stationary_source_nsym_sub.obj
c:\users\liyang\desktop\bishe\vv\unitencode\unitencode\debug\encode_stationary_source_nsym.obj
c:\users\liyang\desktop\bishe\vv\unitencode\unitencode\debug\encode_stationary_source_cbook.obj
c:\users\liyang\desktop\bishe\vv\unitencode\unitencode\debug\separate0.obj
c:\users\liyang\desktop\bishe\vv\unitencode\unitencode\debug\prob_est.obj
c:\users\liyang\desktop\bishe\vv\unitencode\unitencode\debug\probility_estimation.obj
c:\users\liyang\desktop\bishe\vv\unitencode\unitencode\debug\main.obj
c:\users\liyang\desktop\bishe\vv\unitencode\unitencode\debug\len_bit_to_byte.obj
c:\users\liyang\desktop\bishe\vv\unitencode\unitencode\debug\k_criterion.obj
c:\users\liyang\desktop\bishe\vv\unitencode\unitencode\debug\kw_inversion_runs.obj
c:\users\liyang\desktop\bishe\vv\unitencode\unitencode\debug\hist.obj
c:\users\liyang\desktop\bishe\vv\unitencode\unitencode\debug\golombinv.obj
c:\users\liyang\desktop\bishe\vv\unitencode\unitencode\debug\golomb0.obj
c:\users\liyang\desktop\bishe\vv\unitencode\unitencode\debug\find_the_idx_round.obj
c:\users\liyang\desktop\bishe\vv\unitencode\unitencode\debug\find_thd_idx.obj
c:\users\liyang\desktop\bishe\vv\unitencode\unitencode\debug\find_thd4subs.obj
c:\users\liyang\desktop\bishe\vv\unitencode\unitencode\debug\find_thd.obj
c:\users\liyang\desktop\bishe\vv\unitencode\unitencode\debug\en_zone_sub_new.obj
c:\users\liyang\desktop\bishe\vv\unitencode\unitencode\debug\en_zone_sub2.obj
c:\users\liyang\desktop\bishe\vv\unitencode\unitencode\debug\en_zone_new.obj
c:\users\liyang\desktop\bishe\vv\unitencode\unitencode\debug\en_z0_r0.obj
c:\users\liyang\desktop\bishe\vv\unitencode\unitencode\debug\en_z0.obj
c:\users\liyang\desktop\bishe\vv\unitencode\unitencode\debug\en_sub3d_sub2_sub.obj
c:\users\liyang\desktop\bishe\vv\unitencode\unitencode\debug\thd_index_inv.obj
c:\users\liyang\desktop\bishe\vv\unitencode\unitencode\debug\test_en_zone_sub2.obj
c:\users\liyang\desktop\bishe\vv\unitencode\unitencode\debug\test_en_z0_r0.obj
c:\users\liyang\desktop\bishe\vv\unitencode\unitencode\debug\test_en_z0.obj
c:\users\liyang\desktop\bishe\vv\unitencode\unitencode\debug\test_en_sub3d_sub2_sub.obj
c:\users\liyang\desktop\bishe\vv\unitencode\unitencode\debug\test_en_sub3d_sub2.obj
c:\users\liyang\desktop\bishe\vv\unitencode\unitencode\debug\test_en_r_cr.obj
c:\users\liyang\desktop\bishe\vv\unitencode\unitencode\debug\test_en_and_de_2n_code_new.obj
c:\users\liyang\desktop\bishe\vv\unitencode\unitencode\debug\test_en_2n_code_sub.obj
c:\users\liyang\desktop\bishe\vv\unitencode\unitencode\debug\test_en_2n_code_new.obj
c:\users\liyang\desktop\bishe\vv\unitencode\unitencode\debug\test_de_z0.obj
c:\users\liyang\desktop\bishe\vv\unitencode\unitencode\debug\test_de_sub3d_sub2_sub.obj
c:\users\liyang\desktop\bishe\vv\unitencode\unitencode\debug\test_de_r_cr.obj
c:\users\liyang\desktop\bishe\vv\unitencode\unitencode\debug\test_de_2n_code_new.obj
c:\users\liyang\desktop\bishe\vv\unitencode\unitencode\debug\sumbin.obj
c:\users\liyang\desktop\bishe\vv\unitencode\unitencode\debug\sum.obj
c:\users\liyang\desktop\bishe\vv\unitencode\unitencode\debug\sfcode.obj
c:\users\liyang\desktop\bishe\vv\unitencode\unitencode\debug\separate.obj
c:\users\liyang\desktop\bishe\vv\unitencode\unitencode\debug\separate_inv.obj
c:\users\liyang\desktop\bishe\vv\unitencode\unitencode\debug\separate_bversion.obj
c:\users\liyang\desktop\bishe\vv\unitencode\unitencode\debug\writebin.obj
c:\users\liyang\desktop\bishe\vv\unitencode\unitencode\debug\the_index.obj
c:\users\liyang\desktop\bishe\vv\unitencode\unitencode\debug\test_de_sub3d_sub2.obj
c:\users\liyang\desktop\bishe\vv\unitencode\debug\unitencode.exe
c:\users\liyang\desktop\bishe\vv\unitencode\debug\unitencode.ilk
c:\users\liyang\desktop\bishe\vv\unitencode\debug\unitencode.pdb
c:\users\liyang\desktop\bishe\vv\unitencode\unitencode\debug\unitencode.tlog\cl.command.1.tlog
c:\users\liyang\desktop\bishe\vv\unitencode\unitencode\debug\unitencode.tlog\cl.read.1.tlog
c:\users\liyang\desktop\bishe\vv\unitencode\unitencode\debug\unitencode.tlog\cl.write.1.tlog
c:\users\liyang\desktop\bishe\vv\unitencode\unitencode\debug\unitencode.tlog\link.command.1.tlog
c:\users\liyang\desktop\bishe\vv\unitencode\unitencode\debug\unitencode.tlog\link.read.1.tlog
c:\users\liyang\desktop\bishe\vv\unitencode\unitencode\debug\unitencode.tlog\link.write.1.tlog
